0 info it worked if it ends with ok
1 verbose cli [ '/usr/local/bin/node',
1 verbose cli   '/usr/local/bin/npm',
1 verbose cli   'run-script',
1 verbose cli   'client' ]
2 info using npm@1.4.21
3 info using node@v0.10.30
4 verbose run-script [ 'preclient', 'client', 'postclient' ]
5 info preclient Timbiriche@1.0.10
6 info client Timbiriche@1.0.10
7 verbose unsafe-perm in lifecycle true
8 info Timbiriche@1.0.10 Failed to exec client script
9 error Timbiriche@1.0.10 client: `node dotandboxes_text_client http://localhost:3000`
9 error Exit status 8
10 error Failed at the Timbiriche@1.0.10 client script.
10 error This is most likely a problem with the Timbiriche package,
10 error not with npm itself.
10 error Tell the author that this fails on your system:
10 error     node dotandboxes_text_client http://localhost:3000
10 error You can get their info via:
10 error     npm owner ls Timbiriche
10 error There is likely additional logging output above.
11 error System Linux 3.16.0-24-generic
12 error command "/usr/local/bin/node" "/usr/local/bin/npm" "run-script" "client"
13 error cwd /home/mcunille/Documents/DesarrolloWeb/GitRepository/Timbiriche
14 error node -v v0.10.30
15 error npm -v 1.4.21
16 error code ELIFECYCLE
17 verbose exit [ 1, true ]
